<?xml version="1.0" encoding="UTF-8"?>
<!-- Generated by org.testng.reporters.JUnitReportReporter -->
<testsuite hostname="LAPTOP-QE5UPCI5" failures="0" tests="1" name="SAI.demo" time="21.409" errors="0" timestamp="2023-01-22T17:49:11 IST" skipped="0">
  <testcase classname="SAI.demo" name="login_Test" time="21.409"/>
  <system-out/>
</testsuite> <!-- SAI.demo -->
